{"level":"info","message":"server","timestamp":"2019-03-23T22:48:24.405Z"}
{"level":"info","message":"Server start on port: 80","timestamp":"2019-03-23T22:48:38.161Z"}
{"level":"info","message":"Server start on port: 80","timestamp":"2019-03-23T22:48:41.049Z"}
{"level":"info","message":"Server start on port: 80","timestamp":"2019-03-23T22:50:47.805Z"}
{"level":"info","message":"Server start on port: 80","timestamp":"2019-03-23T22:50:48.610Z"}
{"level":"info","message":"Server start on port: 80","timestamp":"2019-03-23T22:51:33.320Z"}
{"level":"info","message":"Server start on port: 80","timestamp":"2019-03-23T22:51:35.272Z"}
{"level":"info","message":"Server start on port: 80","timestamp":"2019-03-23T22:51:36.607Z"}
{"level":"info","message":"Server start on port: 80","timestamp":"2019-03-23T22:53:03.463Z"}
{"level":"info","message":"Server start on port: 80","timestamp":"2019-03-23T22:53:08.133Z"}
{"level":"info","message":"Server start on port: 80","timestamp":"2019-03-23T22:53:08.883Z"}
{"level":"info","message":"Server start on port: 80","timestamp":"2019-03-23T22:53:45.379Z"}
{"level":"info","message":"Server start on port: 80","timestamp":"2019-03-23T22:56:47.649Z"}
{"level":"info","message":"Server start on port: 80","timestamp":"2019-03-23T22:57:37.684Z"}
{"level":"info","message":"Server start on port: 80","timestamp":"2019-03-23T22:57:54.901Z"}
{"level":"info","message":"Server start on port: 80","timestamp":"2019-03-23T22:57:59.503Z"}
{"level":"info","message":"Server start on port: 80","timestamp":"2019-03-23T23:01:31.048Z"}
{"level":"info","message":"Server start on port: 80","timestamp":"2019-03-23T23:01:33.737Z"}
{"level":"info","message":"Server start on port: 80","timestamp":"2019-03-23T23:01:40.608Z"}
{"level":"info","message":"Server start on port: 80","timestamp":"2019-03-23T23:01:46.149Z"}
{"level":"info","message":"Server start on port: 80","timestamp":"2019-03-23T23:02:10.545Z"}
{"level":"info","message":"Server start on port: 80","timestamp":"2019-03-23T23:02:24.641Z"}
{"level":"info","message":"Server start on port: 80","timestamp":"2019-03-23T23:02:52.952Z"}
{"level":"info","message":"Server start on port: 80","timestamp":"2019-03-23T23:03:07.261Z"}
{"level":"info","message":"Server start on port: 80","timestamp":"2019-03-23T23:03:42.211Z"}
{"level":"info","message":"Server start on port: 80","timestamp":"2019-03-23T23:04:04.502Z"}
{"level":"info","message":"Server start on port: 80","timestamp":"2019-03-23T23:04:17.519Z"}
{"level":"info","message":"Server start on port: 80","timestamp":"2019-03-23T23:04:54.952Z"}
{"level":"info","message":"Server start on port: 80","timestamp":"2019-03-23T23:05:28.395Z"}
{"level":"info","message":"Server start on port: 80","timestamp":"2019-03-23T23:06:08.393Z"}
{"level":"info","message":"Server start on port: 80","timestamp":"2019-03-23T23:06:21.360Z"}
{"level":"info","message":"Server start on port: 80","timestamp":"2019-03-23T23:06:28.301Z"}
{"level":"info","message":"Server start on port: 80","timestamp":"2019-03-23T23:07:15.210Z"}
{"level":"info","message":"Server start on port: 80","timestamp":"2019-03-23T23:07:28.706Z"}
{"level":"info","message":"Server start on port: 80","timestamp":"2019-03-23T23:07:32.754Z"}
{"level":"info","message":"Server start on port: 80","timestamp":"2019-03-23T23:07:58.984Z"}
{"level":"info","message":"Server start on port: 80","timestamp":"2019-03-23T23:12:21.971Z"}
{"level":"info","message":"Server start on port: 80","timestamp":"2019-03-23T23:12:26.634Z"}
{"level":"info","message":"Server start on port: 80","timestamp":"2019-03-23T23:13:10.690Z"}
{"level":"info","message":"Server start on port: 80","timestamp":"2019-03-23T23:13:36.143Z"}
{"level":"info","message":"Server start on port: 80","timestamp":"2019-03-23T23:13:44.285Z"}
{"level":"info","message":"Server start on port: 80","timestamp":"2019-03-23T23:13:51.811Z"}
{"level":"info","message":"Server start on port: 80","timestamp":"2019-03-23T23:13:52.939Z"}
{"level":"info","message":"Server start on port: 80","timestamp":"2019-03-23T23:14:09.285Z"}
{"level":"info","message":"Server start on port: 80","timestamp":"2019-03-23T23:14:28.252Z"}
{"level":"info","message":"Server start on port: 80","timestamp":"2019-03-23T23:14:36.780Z"}
{"level":"info","message":"Server start on port: 80","timestamp":"2019-03-23T23:15:08.449Z"}
{"level":"info","message":"Server start on port: 80","timestamp":"2019-03-23T23:15:30.671Z"}
{"level":"info","message":"Server start on port: 80","timestamp":"2019-03-23T23:15:38.875Z"}
{"level":"info","message":"Server start on port: 80","timestamp":"2019-03-23T23:15:49.496Z"}
{"level":"info","message":"Server start on port: 80","timestamp":"2019-03-23T23:16:07.015Z"}
{"level":"info","message":"Server start on port: 80","timestamp":"2019-03-23T23:16:08.615Z"}
{"level":"info","message":"Server start on port: 80","timestamp":"2019-03-23T23:16:20.365Z"}
{"level":"info","message":"Server start on port: 80","timestamp":"2019-03-23T23:16:34.261Z"}
{"level":"info","message":"Server start on port: 80","timestamp":"2019-03-23T23:16:41.344Z"}
{"level":"info","message":"Server start on port: 80","timestamp":"2019-03-23T23:16:45.158Z"}
{"level":"info","message":"Server start on port: 80","timestamp":"2019-03-23T23:17:10.080Z"}
{"level":"info","message":"Server start on port: 80","timestamp":"2019-03-23T23:17:15.644Z"}
{"level":"info","message":"Server start on port: 80","timestamp":"2019-03-23T23:17:19.827Z"}
{"level":"info","message":"Server start on port: 80","timestamp":"2019-03-23T23:17:22.815Z"}
{"level":"info","message":"Server start on port: 80","timestamp":"2019-03-23T23:18:16.184Z"}
{"level":"info","message":"Server start on port: 80","timestamp":"2019-03-23T23:22:00.887Z"}
{"level":"info","message":"Server start on port: 80","timestamp":"2019-03-23T23:23:22.277Z"}
{"level":"info","message":"Server start on port: 80","timestamp":"2019-03-23T23:23:49.971Z"}
{"level":"info","message":"Server start on port: 80","timestamp":"2019-03-23T23:27:02.247Z"}
{"level":"info","message":"Server start on port: 80","timestamp":"2019-03-23T23:31:58.208Z"}
{"level":"info","message":"Server start on port: 80","timestamp":"2019-03-23T23:33:09.442Z"}
{"level":"info","message":"Server start on port: 80","timestamp":"2019-03-23T23:33:16.295Z"}
{"level":"info","message":"Server start on port: 80","timestamp":"2019-03-23T23:33:17.098Z"}
{"level":"info","message":"Server start on port: 80","timestamp":"2019-03-23T23:35:19.287Z"}
{"level":"info","message":"Server start on port: 80","timestamp":"2019-03-23T23:38:55.939Z"}
{"level":"info","message":"Server start on port: 80","timestamp":"2019-03-23T23:38:59.921Z"}
{"level":"info","message":"Server start on port: 80","timestamp":"2019-03-23T23:42:02.991Z"}
{"level":"info","message":"Server start on port: 80","timestamp":"2019-03-23T23:42:41.676Z"}
{"level":"info","message":"Server start on port: 80","timestamp":"2019-03-23T23:42:43.646Z"}
{"level":"info","message":"Server start on port: 80","timestamp":"2019-03-23T23:42:44.669Z"}
{"level":"info","message":"Server start on port: 80","timestamp":"2019-03-23T23:43:26.821Z"}
{"level":"info","message":"Server start on port: 80","timestamp":"2019-03-23T23:45:44.322Z"}
{"level":"info","message":"Server start on port: 80","timestamp":"2019-03-23T23:46:35.175Z"}
{"level":"info","message":"Server start on port: 80","timestamp":"2019-03-23T23:46:50.149Z"}
{"level":"info","message":"Server start on port: 80","timestamp":"2019-03-23T23:48:00.936Z"}
{"level":"info","message":"Server start on port: 80","timestamp":"2019-03-23T23:49:03.149Z"}
{"level":"info","message":"Server start on port: 80","timestamp":"2019-03-23T23:53:12.805Z"}
{"level":"info","message":"Server start on port: 80","timestamp":"2019-03-23T23:53:30.132Z"}
{"level":"info","message":"Server start on port: 80","timestamp":"2019-03-23T23:53:39.600Z"}
{"level":"info","message":"Server start on port: 80","timestamp":"2019-03-23T23:53:49.709Z"}
{"level":"info","message":"Server start on port: 80","timestamp":"2019-03-23T23:53:54.259Z"}
{"level":"error","message":"\n----------------------------------------\n       Type: System error\n       Status: 500\n       Message: ReferenceError: path is not defined\n\n       Stack: ReferenceError: path is not defined\n    at C:\\node 2019\\nodemon2\\src\\server\\routes\\client\\home.js:12:18\n    at exports.get (C:\\node 2019\\nodemon2\\src\\server\\routes\\client\\home.js:22:5)\n    at Layer.handle [as handle_request] (C:\\node 2019\\nodemon2\\node_modules\\express\\lib\\router\\layer.js:95:5)\n    at next (C:\\node 2019\\nodemon2\\node_modules\\express\\lib\\router\\route.js:137:13)\n    at Route.dispatch (C:\\node 2019\\nodemon2\\node_modules\\express\\lib\\router\\route.js:112:3)\n    at Layer.handle [as handle_request] (C:\\node 2019\\nodemon2\\node_modules\\express\\lib\\router\\layer.js:95:5)\n    at C:\\node 2019\\nodemon2\\node_modules\\express\\lib\\router\\index.js:281:22\n    at Function.process_params (C:\\node 2019\\nodemon2\\node_modules\\express\\lib\\router\\index.js:335:12)\n    at next (C:\\node 2019\\nodemon2\\node_modules\\express\\lib\\router\\index.js:275:10)\n    at urlencodedParser (C:\\node 2019\\nodemon2\\node_modules\\body-parser\\lib\\types\\urlencoded.js:91:7)\n    at Layer.handle [as handle_request] (C:\\node 2019\\nodemon2\\node_modules\\express\\lib\\router\\layer.js:95:5)\n    at trim_prefix (C:\\node 2019\\nodemon2\\node_modules\\express\\lib\\router\\index.js:317:13)\n    at C:\\node 2019\\nodemon2\\node_modules\\express\\lib\\router\\index.js:284:7\n    at Function.process_params (C:\\node 2019\\nodemon2\\node_modules\\express\\lib\\router\\index.js:335:12)\n    at next (C:\\node 2019\\nodemon2\\node_modules\\express\\lib\\router\\index.js:275:10)\n    at jsonParser (C:\\node 2019\\nodemon2\\node_modules\\body-parser\\lib\\types\\json.js:110:7)\n    at Layer.handle [as handle_request] (C:\\node 2019\\nodemon2\\node_modules\\express\\lib\\router\\layer.js:95:5)\n    at trim_prefix (C:\\node 2019\\nodemon2\\node_modules\\express\\lib\\router\\index.js:317:13)\n    at C:\\node 2019\\nodemon2\\node_modules\\express\\lib\\router\\index.js:284:7\n    at Function.process_params (C:\\node 2019\\nodemon2\\node_modules\\express\\lib\\router\\index.js:335:12)\n    at next (C:\\node 2019\\nodemon2\\node_modules\\express\\lib\\router\\index.js:275:10)\n    at C:\\node 2019\\nodemon2\\node_modules\\express-session\\index.js:489:7\n----------------------------------------","timestamp":"2019-03-23T23:53:54.302Z"}
{"level":"info","message":"Server start on port: 80","timestamp":"2019-03-23T23:54:01.941Z"}
{"level":"info","message":"Server start on port: 80","timestamp":"2019-03-23T23:55:11.744Z"}
{"level":"info","message":"Server start on port: 80","timestamp":"2019-03-23T23:57:05.163Z"}
{"level":"info","message":"Server start on port: 80","timestamp":"2019-03-23T23:58:04.848Z"}
{"level":"info","message":"Server start on port: 80","timestamp":"2019-03-23T23:58:10.076Z"}
{"level":"info","message":"Server start on port: 80","timestamp":"2019-03-23T23:58:29.041Z"}
{"level":"error","message":"\n----------------------------------------\n       Type: System error\n       Status: 500\n       Message: ReferenceError: __basename is not defined\n\n       Stack: ReferenceError: __basename is not defined\n    at C:\\node 2019\\nodemon2\\src\\server\\routes\\client\\home.js:12:17\n    at exports.get (C:\\node 2019\\nodemon2\\src\\server\\routes\\client\\home.js:24:5)\n    at Layer.handle [as handle_request] (C:\\node 2019\\nodemon2\\node_modules\\express\\lib\\router\\layer.js:95:5)\n    at next (C:\\node 2019\\nodemon2\\node_modules\\express\\lib\\router\\route.js:137:13)\n    at Route.dispatch (C:\\node 2019\\nodemon2\\node_modules\\express\\lib\\router\\route.js:112:3)\n    at Layer.handle [as handle_request] (C:\\node 2019\\nodemon2\\node_modules\\express\\lib\\router\\layer.js:95:5)\n    at C:\\node 2019\\nodemon2\\node_modules\\express\\lib\\router\\index.js:281:22\n    at Function.process_params (C:\\node 2019\\nodemon2\\node_modules\\express\\lib\\router\\index.js:335:12)\n    at next (C:\\node 2019\\nodemon2\\node_modules\\express\\lib\\router\\index.js:275:10)\n    at urlencodedParser (C:\\node 2019\\nodemon2\\node_modules\\body-parser\\lib\\types\\urlencoded.js:91:7)\n    at Layer.handle [as handle_request] (C:\\node 2019\\nodemon2\\node_modules\\express\\lib\\router\\layer.js:95:5)\n    at trim_prefix (C:\\node 2019\\nodemon2\\node_modules\\express\\lib\\router\\index.js:317:13)\n    at C:\\node 2019\\nodemon2\\node_modules\\express\\lib\\router\\index.js:284:7\n    at Function.process_params (C:\\node 2019\\nodemon2\\node_modules\\express\\lib\\router\\index.js:335:12)\n    at next (C:\\node 2019\\nodemon2\\node_modules\\express\\lib\\router\\index.js:275:10)\n    at jsonParser (C:\\node 2019\\nodemon2\\node_modules\\body-parser\\lib\\types\\json.js:110:7)\n    at Layer.handle [as handle_request] (C:\\node 2019\\nodemon2\\node_modules\\express\\lib\\router\\layer.js:95:5)\n    at trim_prefix (C:\\node 2019\\nodemon2\\node_modules\\express\\lib\\router\\index.js:317:13)\n    at C:\\node 2019\\nodemon2\\node_modules\\express\\lib\\router\\index.js:284:7\n    at Function.process_params (C:\\node 2019\\nodemon2\\node_modules\\express\\lib\\router\\index.js:335:12)\n    at next (C:\\node 2019\\nodemon2\\node_modules\\express\\lib\\router\\index.js:275:10)\n    at C:\\node 2019\\nodemon2\\node_modules\\express-session\\index.js:489:7\n----------------------------------------","timestamp":"2019-03-23T23:58:29.875Z"}
{"level":"info","message":"Server start on port: 80","timestamp":"2019-03-23T23:58:36.744Z"}
{"level":"info","message":"Server start on port: 80","timestamp":"2019-03-23T23:59:36.743Z"}
{"level":"info","message":"Server start on port: 80","timestamp":"2019-03-24T00:02:09.433Z"}
{"level":"info","message":"Server start on port: 80","timestamp":"2019-03-24T00:02:41.590Z"}
{"level":"info","message":"Server start on port: 80","timestamp":"2019-03-24T00:02:47.851Z"}
{"level":"error","message":"\n----------------------------------------\n       Type: System error\n       Status: 500\n       Message: TypeError: path must be absolute or specify root to res.sendFile\n\n       Stack: TypeError: path must be absolute or specify root to res.sendFile\n    at ServerResponse.sendFile (C:\\node 2019\\nodemon2\\node_modules\\express\\lib\\response.js:421:11)\n    at C:\\node 2019\\nodemon2\\src\\server\\routes\\client\\home.js:14:9\n    at exports.get (C:\\node 2019\\nodemon2\\src\\server\\routes\\client\\home.js:25:5)\n    at Layer.handle [as handle_request] (C:\\node 2019\\nodemon2\\node_modules\\express\\lib\\router\\layer.js:95:5)\n    at next (C:\\node 2019\\nodemon2\\node_modules\\express\\lib\\router\\route.js:137:13)\n    at Route.dispatch (C:\\node 2019\\nodemon2\\node_modules\\express\\lib\\router\\route.js:112:3)\n    at Layer.handle [as handle_request] (C:\\node 2019\\nodemon2\\node_modules\\express\\lib\\router\\layer.js:95:5)\n    at C:\\node 2019\\nodemon2\\node_modules\\express\\lib\\router\\index.js:281:22\n    at Function.process_params (C:\\node 2019\\nodemon2\\node_modules\\express\\lib\\router\\index.js:335:12)\n    at next (C:\\node 2019\\nodemon2\\node_modules\\express\\lib\\router\\index.js:275:10)\n    at urlencodedParser (C:\\node 2019\\nodemon2\\node_modules\\body-parser\\lib\\types\\urlencoded.js:91:7)\n    at Layer.handle [as handle_request] (C:\\node 2019\\nodemon2\\node_modules\\express\\lib\\router\\layer.js:95:5)\n    at trim_prefix (C:\\node 2019\\nodemon2\\node_modules\\express\\lib\\router\\index.js:317:13)\n    at C:\\node 2019\\nodemon2\\node_modules\\express\\lib\\router\\index.js:284:7\n    at Function.process_params (C:\\node 2019\\nodemon2\\node_modules\\express\\lib\\router\\index.js:335:12)\n    at next (C:\\node 2019\\nodemon2\\node_modules\\express\\lib\\router\\index.js:275:10)\n    at jsonParser (C:\\node 2019\\nodemon2\\node_modules\\body-parser\\lib\\types\\json.js:110:7)\n    at Layer.handle [as handle_request] (C:\\node 2019\\nodemon2\\node_modules\\express\\lib\\router\\layer.js:95:5)\n    at trim_prefix (C:\\node 2019\\nodemon2\\node_modules\\express\\lib\\router\\index.js:317:13)\n    at C:\\node 2019\\nodemon2\\node_modules\\express\\lib\\router\\index.js:284:7\n    at Function.process_params (C:\\node 2019\\nodemon2\\node_modules\\express\\lib\\router\\index.js:335:12)\n    at next (C:\\node 2019\\nodemon2\\node_modules\\express\\lib\\router\\index.js:275:10)\n----------------------------------------","timestamp":"2019-03-24T00:02:47.995Z"}
{"level":"info","message":"Server start on port: 80","timestamp":"2019-03-24T00:03:01.862Z"}
{"level":"info","message":"Server start on port: 80","timestamp":"2019-03-24T00:04:15.668Z"}
{"level":"error","message":"\n----------------------------------------\n       Type: System error\n       Status: 500\n       Message: TypeError: path must be absolute or specify root to res.sendFile\n\n       Stack: TypeError: path must be absolute or specify root to res.sendFile\n    at ServerResponse.sendFile (C:\\node 2019\\nodemon2\\node_modules\\express\\lib\\response.js:421:11)\n    at C:\\node 2019\\nodemon2\\src\\server\\routes\\client\\home.js:14:9\n    at exports.get (C:\\node 2019\\nodemon2\\src\\server\\routes\\client\\home.js:25:5)\n    at Layer.handle [as handle_request] (C:\\node 2019\\nodemon2\\node_modules\\express\\lib\\router\\layer.js:95:5)\n    at next (C:\\node 2019\\nodemon2\\node_modules\\express\\lib\\router\\route.js:137:13)\n    at Route.dispatch (C:\\node 2019\\nodemon2\\node_modules\\express\\lib\\router\\route.js:112:3)\n    at Layer.handle [as handle_request] (C:\\node 2019\\nodemon2\\node_modules\\express\\lib\\router\\layer.js:95:5)\n    at C:\\node 2019\\nodemon2\\node_modules\\express\\lib\\router\\index.js:281:22\n    at Function.process_params (C:\\node 2019\\nodemon2\\node_modules\\express\\lib\\router\\index.js:335:12)\n    at next (C:\\node 2019\\nodemon2\\node_modules\\express\\lib\\router\\index.js:275:10)\n    at urlencodedParser (C:\\node 2019\\nodemon2\\node_modules\\body-parser\\lib\\types\\urlencoded.js:91:7)\n    at Layer.handle [as handle_request] (C:\\node 2019\\nodemon2\\node_modules\\express\\lib\\router\\layer.js:95:5)\n    at trim_prefix (C:\\node 2019\\nodemon2\\node_modules\\express\\lib\\router\\index.js:317:13)\n    at C:\\node 2019\\nodemon2\\node_modules\\express\\lib\\router\\index.js:284:7\n    at Function.process_params (C:\\node 2019\\nodemon2\\node_modules\\express\\lib\\router\\index.js:335:12)\n    at next (C:\\node 2019\\nodemon2\\node_modules\\express\\lib\\router\\index.js:275:10)\n    at jsonParser (C:\\node 2019\\nodemon2\\node_modules\\body-parser\\lib\\types\\json.js:110:7)\n    at Layer.handle [as handle_request] (C:\\node 2019\\nodemon2\\node_modules\\express\\lib\\router\\layer.js:95:5)\n    at trim_prefix (C:\\node 2019\\nodemon2\\node_modules\\express\\lib\\router\\index.js:317:13)\n    at C:\\node 2019\\nodemon2\\node_modules\\express\\lib\\router\\index.js:284:7\n    at Function.process_params (C:\\node 2019\\nodemon2\\node_modules\\express\\lib\\router\\index.js:335:12)\n    at next (C:\\node 2019\\nodemon2\\node_modules\\express\\lib\\router\\index.js:275:10)\n----------------------------------------","timestamp":"2019-03-24T00:04:17.498Z"}
{"level":"info","message":"Server start on port: 80","timestamp":"2019-03-24T00:05:40.214Z"}
{"level":"info","message":"Server start on port: 80","timestamp":"2019-03-24T00:06:08.234Z"}
{"level":"info","message":"Server start on port: 80","timestamp":"2019-03-24T00:06:55.412Z"}
{"level":"info","message":"Server start on port: 80","timestamp":"2019-03-24T00:07:01.887Z"}
{"level":"info","message":"Server start on port: 80","timestamp":"2019-03-24T00:10:20.177Z"}
{"level":"info","message":"Server start on port: 80","timestamp":"2019-03-24T00:10:24.590Z"}
{"level":"info","message":"Server start on port: 80","timestamp":"2019-03-24T00:11:01.168Z"}
{"level":"info","message":"Server start on port: 80","timestamp":"2019-03-24T00:11:08.928Z"}
{"level":"info","message":"Server start on port: 80","timestamp":"2019-03-24T00:11:13.823Z"}
{"level":"info","message":"Server start on port: 80","timestamp":"2019-03-24T00:11:44.246Z"}
{"level":"info","message":"Server start on port: 80","timestamp":"2019-03-24T00:11:50.761Z"}
{"level":"info","message":"Server start on port: 80","timestamp":"2019-03-24T00:12:12.684Z"}
{"level":"info","message":"Server start on port: 80","timestamp":"2019-03-24T00:12:23.099Z"}
{"level":"info","message":"Server start on port: 80","timestamp":"2019-03-24T00:12:51.329Z"}
{"level":"info","message":"Server start on port: 80","timestamp":"2019-03-24T00:13:11.794Z"}
{"level":"info","message":"Server start on port: 80","timestamp":"2019-03-24T00:13:18.994Z"}
{"level":"info","message":"Server start on port: 80","timestamp":"2019-03-24T00:13:39.207Z"}
{"level":"info","message":"Server start on port: 80","timestamp":"2019-03-24T00:15:18.560Z"}
{"level":"info","message":"Server start on port: 80","timestamp":"2019-03-24T00:15:25.351Z"}
{"level":"info","message":"Server start on port: 80","timestamp":"2019-03-24T00:15:31.163Z"}
{"level":"info","message":"Server start on port: 80","timestamp":"2019-03-24T00:15:47.011Z"}
{"level":"info","message":"Server start on port: 80","timestamp":"2019-03-24T00:18:39.617Z"}
{"level":"info","message":"Server start on port: 80","timestamp":"2019-03-24T00:18:47.630Z"}
{"level":"info","message":"Server start on port: 80","timestamp":"2019-03-24T00:19:02.598Z"}
{"level":"info","message":"Server start on port: 80","timestamp":"2019-03-24T00:19:52.591Z"}
{"level":"info","message":"Server start on port: 80","timestamp":"2019-03-24T00:20:27.421Z"}
{"level":"info","message":"Server start on port: 80","timestamp":"2019-03-24T00:21:08.990Z"}
{"level":"info","message":"Server start on port: 80","timestamp":"2019-03-24T00:21:21.528Z"}
{"level":"info","message":"Server start on port: 80","timestamp":"2019-03-24T00:21:26.200Z"}
{"level":"info","message":"Server start on port: 80","timestamp":"2019-03-24T00:21:41.266Z"}
{"level":"info","message":"Server start on port: 80","timestamp":"2019-03-24T00:22:00.230Z"}
{"level":"info","message":"Server start on port: 80","timestamp":"2019-03-24T00:22:08.293Z"}
{"level":"info","message":"Server start on port: 80","timestamp":"2019-03-24T00:22:22.465Z"}
{"level":"info","message":"Server start on port: 80","timestamp":"2019-03-24T00:22:28.643Z"}
{"level":"error","message":"\n----------------------------------------\n       Type: System error\n       Status: 500\n       Message: ReferenceError: sdf is not defined\n\n       Stack: ReferenceError: sdf is not defined\n    at C:\\node 2019\\nodemon2\\src\\server\\routes\\client\\home.js:12:5\n    at exports.get (C:\\node 2019\\nodemon2\\src\\server\\routes\\client\\home.js:16:5)\n    at Layer.handle [as handle_request] (C:\\node 2019\\nodemon2\\node_modules\\express\\lib\\router\\layer.js:95:5)\n    at next (C:\\node 2019\\nodemon2\\node_modules\\express\\lib\\router\\route.js:137:13)\n    at Route.dispatch (C:\\node 2019\\nodemon2\\node_modules\\express\\lib\\router\\route.js:112:3)\n    at Layer.handle [as handle_request] (C:\\node 2019\\nodemon2\\node_modules\\express\\lib\\router\\layer.js:95:5)\n    at C:\\node 2019\\nodemon2\\node_modules\\express\\lib\\router\\index.js:281:22\n    at Function.process_params (C:\\node 2019\\nodemon2\\node_modules\\express\\lib\\router\\index.js:335:12)\n    at next (C:\\node 2019\\nodemon2\\node_modules\\express\\lib\\router\\index.js:275:10)\n    at urlencodedParser (C:\\node 2019\\nodemon2\\node_modules\\body-parser\\lib\\types\\urlencoded.js:91:7)\n    at Layer.handle [as handle_request] (C:\\node 2019\\nodemon2\\node_modules\\express\\lib\\router\\layer.js:95:5)\n    at trim_prefix (C:\\node 2019\\nodemon2\\node_modules\\express\\lib\\router\\index.js:317:13)\n    at C:\\node 2019\\nodemon2\\node_modules\\express\\lib\\router\\index.js:284:7\n    at Function.process_params (C:\\node 2019\\nodemon2\\node_modules\\express\\lib\\router\\index.js:335:12)\n    at next (C:\\node 2019\\nodemon2\\node_modules\\express\\lib\\router\\index.js:275:10)\n    at jsonParser (C:\\node 2019\\nodemon2\\node_modules\\body-parser\\lib\\types\\json.js:110:7)\n    at Layer.handle [as handle_request] (C:\\node 2019\\nodemon2\\node_modules\\express\\lib\\router\\layer.js:95:5)\n    at trim_prefix (C:\\node 2019\\nodemon2\\node_modules\\express\\lib\\router\\index.js:317:13)\n    at C:\\node 2019\\nodemon2\\node_modules\\express\\lib\\router\\index.js:284:7\n    at Function.process_params (C:\\node 2019\\nodemon2\\node_modules\\express\\lib\\router\\index.js:335:12)\n    at next (C:\\node 2019\\nodemon2\\node_modules\\express\\lib\\router\\index.js:275:10)\n    at C:\\node 2019\\nodemon2\\node_modules\\express-session\\index.js:489:7\n----------------------------------------","timestamp":"2019-03-24T00:22:29.834Z"}
{"level":"info","message":"Server start on port: 80","timestamp":"2019-03-24T00:22:41.986Z"}
{"level":"info","message":"Server start on port: 80","timestamp":"2019-03-24T00:23:20.512Z"}
{"level":"info","message":"Server start on port: 80","timestamp":"2019-03-24T00:26:30.231Z"}
{"level":"info","message":"Server start on port: 80","timestamp":"2019-03-24T00:27:48.145Z"}
{"level":"info","message":"Server start on port: 80","timestamp":"2019-03-24T00:27:53.702Z"}
{"level":"info","message":"Server start on port: 80","timestamp":"2019-03-24T00:28:01.477Z"}
{"level":"info","message":"Server start on port: 80","timestamp":"2019-03-24T00:28:12.801Z"}
{"level":"info","message":"Server start on port: 80","timestamp":"2019-03-24T00:28:29.047Z"}
{"level":"info","message":"Server start on port: 80","timestamp":"2019-03-24T00:28:31.652Z"}
{"level":"info","message":"Server start on port: 80","timestamp":"2019-03-24T00:28:46.405Z"}
{"level":"info","message":"Server start on port: 80","timestamp":"2019-03-24T00:29:07.019Z"}
{"level":"info","message":"Server start on port: 80","timestamp":"2019-03-24T00:29:44.530Z"}
{"level":"info","message":"Server start on port: 80","timestamp":"2019-03-24T00:30:46.660Z"}
{"level":"info","message":"Server start on port: 80","timestamp":"2019-03-24T00:32:18.606Z"}
{"level":"info","message":"Server start on port: 80","timestamp":"2019-03-24T00:32:33.619Z"}
{"level":"info","message":"Server start on port: 80","timestamp":"2019-03-24T00:33:50.449Z"}
{"level":"info","message":"Server start on port: 80","timestamp":"2019-03-24T00:34:41.161Z"}
{"level":"info","message":"Server start on port: 80","timestamp":"2019-03-24T00:35:01.848Z"}
{"level":"info","message":"Server start on port: 80","timestamp":"2019-03-24T00:35:13.256Z"}
{"level":"info","message":"Server start on port: 80","timestamp":"2019-03-24T00:35:27.477Z"}
{"level":"info","message":"Server start on port: 80","timestamp":"2019-03-24T00:48:22.690Z"}
{"level":"info","message":"Server start on port: 80","timestamp":"2019-03-24T00:49:41.656Z"}
{"level":"info","message":"Server start on port: 80","timestamp":"2019-03-24T00:49:49.932Z"}
{"level":"info","message":"Server start on port: 80","timestamp":"2019-03-24T00:52:27.258Z"}
{"level":"info","message":"Server start on port: 80","timestamp":"2019-03-24T00:52:34.041Z"}
{"level":"info","message":"Server start on port: 80","timestamp":"2019-03-24T00:54:34.592Z"}
{"level":"info","message":"Server start on port: 80","timestamp":"2019-03-24T01:09:49.756Z"}
{"level":"info","message":"Server start on port: 80","timestamp":"2019-03-24T01:40:23.631Z"}
{"level":"info","message":"Server start on port: 80","timestamp":"2019-03-24T01:41:45.951Z"}
{"level":"info","message":"Server start on port: 80","timestamp":"2019-03-24T01:42:25.866Z"}
{"level":"info","message":"Server start on port: 80","timestamp":"2019-03-24T01:44:55.164Z"}
{"level":"info","message":"Server start on port: 80","timestamp":"2019-03-24T01:50:30.237Z"}
{"level":"info","message":"Server start on port: 80","timestamp":"2019-03-24T01:52:03.327Z"}
{"level":"info","message":"Server start on port: 80","timestamp":"2019-03-24T01:57:50.722Z"}
{"level":"info","message":"Server start on port: 80","timestamp":"2019-03-24T01:59:49.393Z"}
{"level":"info","message":"Server start on port: 80","timestamp":"2019-03-24T02:03:59.778Z"}
{"level":"info","message":"Server start on port: 80","timestamp":"2019-03-24T02:06:23.187Z"}
{"level":"info","message":"Server start on port: 80","timestamp":"2019-03-24T02:07:01.050Z"}
{"level":"info","message":"Server start on port: 80","timestamp":"2019-03-24T02:11:53.486Z"}
{"level":"info","message":"Server start on port: 80","timestamp":"2019-03-24T02:12:38.973Z"}
